[2018-07-14 00:13:28,485][MainThread:140470561220416][task_id:running][log.py:83][INFO][Start logging !!!]
[2018-07-14 00:13:28,640][MainThread:140470561220416][task_id:asyncio][selector_events.py:65][DEBUG][Using selector: EpollSelector]
[2018-07-14 00:13:28,640][MainThread:140470561220416][task_id:running][mixins.py:20][INFO][Spider starting!]
[2018-07-14 00:13:28,641][MainThread:140470561220416][task_id:running][mixins.py:20][INFO][Base url: http://blog.sciencenet.cn/]
[2018-07-14 00:13:31,601][MainThread:140470561220416][task_id:running][mixins.py:20][INFO][Followed(1/5): http://blog.sciencenet.cn/home.php?mod=space&uid=40109&do=blog&view=me&from=space&page=2]
[2018-07-14 00:13:33,466][MainThread:140470561220416][task_id:running][mixins.py:20][INFO][Parsed(1/20): http://blog.sciencenet.cn/blog-40109-955919.html]
[2018-07-14 00:13:36,516][MainThread:140470561220416][task_id:running][mixins.py:20][INFO][Followed(2/5): http://blog.sciencenet.cn/home.php?mod=space&uid=40109&do=blog&view=me&from=space&page=3]
[2018-07-14 00:13:37,132][MainThread:140470561220416][task_id:running][mixins.py:20][INFO][Parsed(2/30): http://blog.sciencenet.cn/blog-40109-899191.html]
[2018-07-14 00:13:37,310][MainThread:140470561220416][task_id:running][mixins.py:20][INFO][Followed(3/5): http://blog.sciencenet.cn/home.php?mod=space&uid=40109&do=blog&view=me&from=space&page=4]
[2018-07-14 00:13:40,970][MainThread:140470561220416][task_id:running][mixins.py:20][INFO][Parsed(3/40): http://blog.sciencenet.cn/blog-40109-899173.html]
[2018-07-14 00:13:41,902][MainThread:140470561220416][task_id:running][mixins.py:20][INFO][Followed(4/5): http://blog.sciencenet.cn/home.php?mod=space&uid=40109&do=blog&view=me&from=space&page=5]
[2018-07-14 00:13:42,584][MainThread:140470561220416][task_id:running][mixins.py:20][INFO][Parsed(4/50): http://blog.sciencenet.cn/blog-40109-816626.html]
[2018-07-14 00:13:45,862][MainThread:140470561220416][task_id:running][mixins.py:20][INFO][Parsed(5/50): http://blog.sciencenet.cn/blog-40109-810107.html]
[2018-07-14 00:13:51,350][MainThread:140470561220416][task_id:running][mixins.py:20][INFO][Parsed(6/50): http://blog.sciencenet.cn/blog-40109-810105.html]
[2018-07-14 00:13:51,897][MainThread:140470561220416][task_id:running][mixins.py:20][INFO][Parsed(7/50): http://blog.sciencenet.cn/blog-40109-741936.html]
[2018-07-14 00:13:52,098][MainThread:140470561220416][task_id:running][mixins.py:20][INFO][Parsed(8/50): http://blog.sciencenet.cn/blog-40109-700138.html]
[2018-07-14 00:13:52,293][MainThread:140470561220416][task_id:running][mixins.py:20][INFO][Parsed(9/50): http://blog.sciencenet.cn/blog-40109-656815.html]
[2018-07-14 00:13:52,484][MainThread:140470561220416][task_id:running][mixins.py:20][INFO][Parsed(10/50): http://blog.sciencenet.cn/blog-40109-629053.html]
[2018-07-14 00:13:52,718][MainThread:140470561220416][task_id:running][mixins.py:20][INFO][Followed(5/5): http://blog.sciencenet.cn/home.php?mod=space&uid=40109&do=blog&view=me&from=space&page=1]
[2018-07-14 00:13:52,978][MainThread:140470561220416][task_id:running][mixins.py:20][INFO][Parsed(11/50): http://blog.sciencenet.cn/blog-40109-614878.html]
[2018-07-14 00:13:53,160][MainThread:140470561220416][task_id:running][mixins.py:20][INFO][Parsed(12/50): http://blog.sciencenet.cn/blog-40109-523547.html]
[2018-07-14 00:13:53,762][MainThread:140470561220416][task_id:running][mixins.py:20][INFO][Parsed(13/50): http://blog.sciencenet.cn/blog-40109-523530.html]
[2018-07-14 00:13:54,020][MainThread:140470561220416][task_id:running][mixins.py:20][INFO][Parsed(14/50): http://blog.sciencenet.cn/blog-40109-523518.html]
[2018-07-14 00:13:54,279][MainThread:140470561220416][task_id:running][mixins.py:20][INFO][Parsed(15/50): http://blog.sciencenet.cn/blog-40109-516038.html]
[2018-07-14 00:13:54,488][MainThread:140470561220416][task_id:running][mixins.py:20][INFO][Parsed(16/50): http://blog.sciencenet.cn/blog-40109-502535.html]
[2018-07-14 00:13:54,689][MainThread:140470561220416][task_id:running][mixins.py:20][INFO][Parsed(17/50): http://blog.sciencenet.cn/blog-40109-500648.html]
[2018-07-14 00:13:54,938][MainThread:140470561220416][task_id:running][mixins.py:20][INFO][Parsed(18/50): http://blog.sciencenet.cn/blog-40109-492230.html]
[2018-07-14 00:13:55,179][MainThread:140470561220416][task_id:running][mixins.py:20][INFO][Parsed(19/50): http://blog.sciencenet.cn/blog-40109-478928.html]
[2018-07-14 00:13:55,405][MainThread:140470561220416][task_id:running][mixins.py:20][INFO][Parsed(20/50): http://blog.sciencenet.cn/blog-40109-478176.html]
[2018-07-14 00:13:56,235][MainThread:140470561220416][task_id:running][mixins.py:20][INFO][Parsed(21/50): http://blog.sciencenet.cn/blog-40109-461614.html]
[2018-07-14 00:13:56,432][MainThread:140470561220416][task_id:running][mixins.py:20][INFO][Parsed(22/50): http://blog.sciencenet.cn/blog-40109-458358.html]
[2018-07-14 00:13:57,208][MainThread:140470561220416][task_id:running][mixins.py:20][INFO][Parsed(23/50): http://blog.sciencenet.cn/blog-40109-450088.html]
[2018-07-14 00:13:57,458][MainThread:140470561220416][task_id:running][mixins.py:20][INFO][Parsed(24/50): http://blog.sciencenet.cn/blog-40109-441532.html]
[2018-07-14 00:13:57,663][MainThread:140470561220416][task_id:running][mixins.py:20][INFO][Parsed(25/50): http://blog.sciencenet.cn/blog-40109-423575.html]
[2018-07-14 00:13:58,475][MainThread:140470561220416][task_id:running][mixins.py:20][INFO][Parsed(26/50): http://blog.sciencenet.cn/blog-40109-420617.html]
[2018-07-14 00:13:59,113][MainThread:140470561220416][task_id:running][mixins.py:20][INFO][Parsed(27/50): http://blog.sciencenet.cn/blog-40109-410259.html]
[2018-07-14 00:13:59,289][MainThread:140470561220416][task_id:running][mixins.py:20][INFO][Parsed(28/50): http://blog.sciencenet.cn/blog-40109-410254.html]
[2018-07-14 00:14:02,682][MainThread:140470561220416][task_id:running][mixins.py:20][INFO][Parsed(29/50): http://blog.sciencenet.cn/blog-40109-408211.html]
[2018-07-14 00:14:02,922][MainThread:140470561220416][task_id:running][mixins.py:20][INFO][Parsed(30/50): http://blog.sciencenet.cn/blog-40109-401847.html]
[2018-07-14 00:14:04,096][MainThread:140470561220416][task_id:running][mixins.py:20][INFO][Parsed(31/50): http://blog.sciencenet.cn/blog-40109-401459.html]
[2018-07-14 00:14:07,700][MainThread:140470561220416][task_id:running][mixins.py:20][INFO][Parsed(32/50): http://blog.sciencenet.cn/blog-40109-391403.html]
[2018-07-14 00:14:11,256][MainThread:140470561220416][task_id:running][mixins.py:20][INFO][Parsed(33/50): http://blog.sciencenet.cn/blog-40109-387836.html]
[2018-07-14 00:14:17,543][MainThread:140470561220416][task_id:running][mixins.py:20][INFO][Parsed(34/50): http://blog.sciencenet.cn/blog-40109-387833.html]
[2018-07-14 00:14:21,576][MainThread:140470561220416][task_id:running][mixins.py:20][INFO][Parsed(35/50): http://blog.sciencenet.cn/blog-40109-375580.html]
[2018-07-14 00:14:24,835][MainThread:140470561220416][task_id:running][mixins.py:20][INFO][Parsed(36/50): http://blog.sciencenet.cn/blog-40109-358089.html]
[2018-07-14 00:14:28,570][MainThread:140470561220416][task_id:running][mixins.py:20][INFO][Parsed(37/50): http://blog.sciencenet.cn/blog-40109-357683.html]
[2018-07-14 00:14:31,858][MainThread:140470561220416][task_id:running][mixins.py:20][INFO][Parsed(38/50): http://blog.sciencenet.cn/blog-40109-347929.html]
[2018-07-14 00:14:32,951][MainThread:140470561220416][task_id:running][mixins.py:20][INFO][Parsed(39/50): http://blog.sciencenet.cn/blog-40109-279160.html]
[2018-07-14 00:14:33,109][MainThread:140470561220416][task_id:running][mixins.py:20][INFO][Parsed(40/50): http://blog.sciencenet.cn/blog-40109-278616.html]
[2018-07-14 00:14:33,358][MainThread:140470561220416][task_id:running][mixins.py:20][INFO][Parsed(41/50): http://blog.sciencenet.cn/blog-40109-274359.html]
[2018-07-14 00:14:33,535][MainThread:140470561220416][task_id:running][mixins.py:20][INFO][Parsed(42/50): http://blog.sciencenet.cn/blog-40109-273086.html]
[2018-07-14 00:14:33,729][MainThread:140470561220416][task_id:running][mixins.py:20][INFO][Parsed(43/50): http://blog.sciencenet.cn/blog-40109-237783.html]
[2018-07-14 00:14:33,965][MainThread:140470561220416][task_id:running][mixins.py:20][INFO][Parsed(44/50): http://blog.sciencenet.cn/blog-40109-21484.html]
[2018-07-14 00:14:36,839][MainThread:140470561220416][task_id:running][mixins.py:20][INFO][Parsed(45/50): http://blog.sciencenet.cn/blog-40109-20067.html]
[2018-07-14 00:14:37,553][MainThread:140470561220416][task_id:running][mixins.py:20][INFO][Parsed(46/50): http://blog.sciencenet.cn/blog-40109-19228.html]
[2018-07-14 00:14:40,519][MainThread:140470561220416][task_id:running][mixins.py:20][INFO][Parsed(47/50): http://blog.sciencenet.cn/blog-40109-19223.html]
[2018-07-14 00:14:40,731][MainThread:140470561220416][task_id:running][mixins.py:20][INFO][Parsed(48/50): http://blog.sciencenet.cn/blog-40109-18518.html]
[2018-07-14 00:14:41,068][MainThread:140470561220416][task_id:running][mixins.py:20][INFO][Parsed(49/50): http://blog.sciencenet.cn/blog-40109-18516.html]
[2018-07-14 00:14:48,228][MainThread:140470561220416][task_id:running][mixins.py:20][INFO][Parsed(50/50): http://blog.sciencenet.cn/blog-40109-18513.html]
[2018-07-14 00:14:51,923][MainThread:140470561220416][task_id:running][mixins.py:20][INFO][Item "Post": 50]
[2018-07-14 00:14:51,923][MainThread:140470561220416][task_id:running][mixins.py:20][INFO][Requests count: 55]
[2018-07-14 00:14:51,923][MainThread:140470561220416][task_id:running][mixins.py:20][INFO][Error count: []]
[2018-07-14 00:14:51,924][MainThread:140470561220416][task_id:running][mixins.py:20][INFO][Time usage: 0:01:23.281902]
[2018-07-14 00:14:51,924][MainThread:140470561220416][task_id:running][mixins.py:20][INFO][Spider finished!]
[2018-07-14 00:35:20,559][MainThread:140637865379648][task_id:running][log.py:83][INFO][Start logging !!!]
[2018-07-14 00:39:13,324][MainThread:140466846078784][task_id:running][log.py:83][INFO][Start logging !!!]
[2018-07-14 00:39:51,688][MainThread:140297803794240][task_id:running][log.py:83][INFO][Start logging !!!]
[2018-07-14 00:39:51,689][MainThread:140297803794240][task_id:asyncio][selector_events.py:65][DEBUG][Using selector: EpollSelector]
[2018-07-14 00:44:11,538][MainThread:140220407387968][task_id:asyncio][selector_events.py:65][DEBUG][Using selector: EpollSelector]
[2018-07-14 00:44:11,539][MainThread:140220407387968][task_id:running][log.py:88][INFO][as]
[2018-07-14 00:46:19,466][MainThread:139852966778688][task_id:asyncio][selector_events.py:65][DEBUG][Using selector: EpollSelector]
[2018-07-14 00:46:19,466][MainThread:139852966778688][task_id:running][log.py:88][INFO][a]
[2018-07-14 00:50:21,004][MainThread:139670227580736][task_id:asyncio][selector_events.py:65][DEBUG][Using selector: EpollSelector]
[2018-07-14 00:51:10,518][MainThread:139724562016064][task_id:asyncio][selector_events.py:65][DEBUG][Using selector: EpollSelector]
[2018-07-14 00:51:10,519][MainThread:139724562016064][task_id:running][log.py:88][INFO][a]
[2018-07-14 00:52:29,146][MainThread:139712053757760][task_id:asyncio][selector_events.py:65][DEBUG][Using selector: EpollSelector]
[2018-07-14 00:52:29,147][MainThread:139712053757760][task_id:running][log.py:88][INFO][a]
[2018-07-14 01:02:00,350][MainThread:139874586347328][task_id:asyncio][selector_events.py:65][DEBUG][Using selector: EpollSelector]
[2018-07-14 01:02:00,350][MainThread:139874586347328][task_id:running][log.py:88][INFO][a]
[2018-07-14 01:05:46,153][MainThread:140385911535424][task_id:asyncio][selector_events.py:65][DEBUG][Using selector: EpollSelector]
[2018-07-14 01:05:46,154][MainThread:140385911535424][task_id:running][log.py:88][INFO][a]
[2018-07-14 01:07:01,239][MainThread:139926313834304][task_id:asyncio][selector_events.py:65][DEBUG][Using selector: EpollSelector]
[2018-07-14 01:07:01,240][MainThread:139926313834304][task_id:running][log.py:88][INFO][a]
[2018-07-14 01:07:14,563][MainThread:140352565495616][task_id:asyncio][selector_events.py:65][DEBUG][Using selector: EpollSelector]
[2018-07-14 01:07:14,564][MainThread:140352565495616][task_id:running][log.py:88][INFO][a]
[2018-07-14 01:08:31,596][MainThread:139961080829760][task_id:asyncio][selector_events.py:65][DEBUG][Using selector: EpollSelector]
[2018-07-14 01:08:31,597][MainThread:139961080829760][task_id:running][log.py:88][INFO][a]
[2018-07-14 01:08:42,768][MainThread:139928574912320][task_id:asyncio][selector_events.py:65][DEBUG][Using selector: EpollSelector]
[2018-07-14 01:08:42,769][MainThread:139928574912320][task_id:running][log.py:88][INFO][a]
[2018-07-14 01:09:11,567][MainThread:140049293879104][task_id:asyncio][selector_events.py:65][DEBUG][Using selector: EpollSelector]
[2018-07-14 01:09:11,567][MainThread:140049293879104][task_id:running][log.py:88][INFO][a]
[2018-07-14 01:14:33,137][MainThread:140486097278784][task_id:asyncio][selector_events.py:65][DEBUG][Using selector: EpollSelector]
[2018-07-14 01:14:33,137][MainThread:140486097278784][task_id:running][log.py:88][INFO][a]
[2018-07-14 01:15:13,138][MainThread:140509090121536][task_id:asyncio][selector_events.py:65][DEBUG][Using selector: EpollSelector]
[2018-07-14 01:15:13,138][MainThread:140509090121536][task_id:running][log.py:88][INFO][start]
[2018-07-14 01:15:15,140][MainThread:140509090121536][task_id:running][log.py:88][INFO][end]
[2018-07-14 01:16:06,213][MainThread:140432258574144][task_id:asyncio][selector_events.py:65][DEBUG][Using selector: EpollSelector]
[2018-07-14 01:17:04,861][MainThread:140274915252032][task_id:asyncio][selector_events.py:65][DEBUG][Using selector: EpollSelector]
[2018-07-14 01:17:04,862][MainThread:140274915252032][task_id:running][log.py:88][INFO][start]
[2018-07-14 01:17:06,864][MainThread:140274915252032][task_id:running][log.py:88][INFO][end]
[2018-07-14 01:20:31,814][MainThread:140140155496256][task_id:asyncio][selector_events.py:65][DEBUG][Using selector: EpollSelector]
[2018-07-14 01:20:31,816][MainThread:140140155496256][task_id:running][log.py:88][INFO][start]
[2018-07-14 01:20:33,817][MainThread:140140155496256][task_id:running][log.py:88][INFO][end]
[2018-07-14 01:20:48,013][MainThread:140560854550336][task_id:asyncio][selector_events.py:65][DEBUG][Using selector: EpollSelector]
[2018-07-14 01:20:48,013][MainThread:140560854550336][task_id:running][log.py:88][INFO][start]
[2018-07-14 01:20:50,014][MainThread:140560854550336][task_id:running][log.py:88][INFO][end]
[2018-07-14 01:25:15,343][MainThread:140439149909824][task_id:asyncio][selector_events.py:65][DEBUG][Using selector: EpollSelector]
[2018-07-14 01:25:15,343][MainThread:140439149909824][task_id:running][log.py:88][INFO][Crawler-Start]
[2018-07-14 01:25:17,344][MainThread:140439149909824][task_id:running][log.py:88][INFO][Crawler-End]
[2018-07-14 01:25:17,345][MainThread:140439149909824][task_id:running][log.py:88][INFO][Crawler-CountTime:2.0018632411956787]
[2018-07-14 01:25:57,978][MainThread:140284095334208][task_id:asyncio][selector_events.py:65][DEBUG][Using selector: EpollSelector]
[2018-07-14 01:25:57,978][MainThread:140284095334208][task_id:running][log.py:88][INFO][Crawler-Start]
[2018-07-14 01:25:59,980][MainThread:140284095334208][task_id:running][log.py:88][INFO][Crawler-End]
[2018-07-14 01:26:19,641][MainThread:139634580494144][task_id:asyncio][selector_events.py:65][DEBUG][Using selector: EpollSelector]
[2018-07-14 01:26:19,641][MainThread:139634580494144][task_id:running][log.py:88][INFO][Crawler-Start]
[2018-07-14 01:26:21,642][MainThread:139634580494144][task_id:running][log.py:88][INFO][Crawler-End]
[2018-07-14 01:26:21,643][MainThread:139634580494144][task_id:running][log.py:88][INFO][Crawler-CountTime:2.0013272762298584s]
[2018-07-14 01:26:48,926][MainThread:139828984796992][task_id:asyncio][selector_events.py:65][DEBUG][Using selector: EpollSelector]
[2018-07-14 01:26:48,927][MainThread:139828984796992][task_id:running][log.py:88][INFO][Crawler-Start]
[2018-07-14 01:26:50,928][MainThread:139828984796992][task_id:running][log.py:88][INFO][Crawler-End]
[2018-07-14 01:27:15,701][MainThread:140134158161728][task_id:asyncio][selector_events.py:65][DEBUG][Using selector: EpollSelector]
[2018-07-14 01:27:15,701][MainThread:140134158161728][task_id:running][log.py:88][INFO][Crawler-Start]
[2018-07-14 01:27:17,704][MainThread:140134158161728][task_id:running][log.py:88][INFO][Crawler-End]
[2018-07-14 01:27:27,069][MainThread:140271163717440][task_id:asyncio][selector_events.py:65][DEBUG][Using selector: EpollSelector]
[2018-07-14 01:27:27,071][MainThread:140271163717440][task_id:running][log.py:88][INFO][Crawler-Start]
[2018-07-14 01:27:29,073][MainThread:140271163717440][task_id:running][log.py:88][INFO][Crawler-End]
[2018-07-14 01:28:03,518][MainThread:140565489084224][task_id:asyncio][selector_events.py:65][DEBUG][Using selector: EpollSelector]
[2018-07-14 01:28:03,518][MainThread:140565489084224][task_id:running][log.py:88][INFO][Crawler-Start]
[2018-07-14 01:28:05,520][MainThread:140565489084224][task_id:running][log.py:88][INFO][Crawler-End]
[2018-07-14 01:28:05,521][MainThread:140565489084224][task_id:running][log.py:88][INFO][Crawler-CountTime:2.00s]
[2018-07-14 01:28:10,569][MainThread:139725044254528][task_id:asyncio][selector_events.py:65][DEBUG][Using selector: EpollSelector]
[2018-07-14 01:28:10,569][MainThread:139725044254528][task_id:running][log.py:88][INFO][Crawler-Start]
[2018-07-14 01:28:12,571][MainThread:139725044254528][task_id:running][log.py:88][INFO][Crawler-End]
[2018-07-14 01:28:12,572][MainThread:139725044254528][task_id:running][log.py:88][INFO][Crawler-CountTime:2.002s]
[2018-07-14 01:35:56,454][MainThread:139819274823488][task_id:asyncio][selector_events.py:65][DEBUG][Using selector: EpollSelector]
[2018-07-14 01:36:47,142][MainThread:139869666223936][task_id:asyncio][selector_events.py:65][DEBUG][Using selector: EpollSelector]
[2018-07-14 01:41:14,301][MainThread:140690072250176][task_id:asyncio][selector_events.py:65][DEBUG][Using selector: EpollSelector]
[2018-07-14 01:41:42,650][MainThread:140455922341696][task_id:asyncio][selector_events.py:65][DEBUG][Using selector: EpollSelector]
[2018-07-14 01:42:11,310][MainThread:140383029458752][task_id:asyncio][selector_events.py:65][DEBUG][Using selector: EpollSelector]
[2018-07-14 01:43:44,447][MainThread:140098976425792][task_id:asyncio][selector_events.py:65][DEBUG][Using selector: EpollSelector]
[2018-07-14 01:45:13,034][MainThread:139740956346176][task_id:asyncio][selector_events.py:65][DEBUG][Using selector: EpollSelector]
[2018-07-14 01:45:38,888][MainThread:140491067119424][task_id:asyncio][selector_events.py:65][DEBUG][Using selector: EpollSelector]
[2018-07-14 01:47:10,229][MainThread:140354426939200][task_id:asyncio][selector_events.py:65][DEBUG][Using selector: EpollSelector]
[2018-07-14 01:47:39,591][MainThread:140079491323712][task_id:asyncio][selector_events.py:65][DEBUG][Using selector: EpollSelector]
[2018-07-14 01:47:42,736][MainThread:140651482081088][task_id:asyncio][selector_events.py:65][DEBUG][Using selector: EpollSelector]
[2018-07-14 01:48:33,899][MainThread:140356971878208][task_id:asyncio][selector_events.py:65][DEBUG][Using selector: EpollSelector]
[2018-07-14 01:48:43,201][MainThread:139959920043840][task_id:asyncio][selector_events.py:65][DEBUG][Using selector: EpollSelector]
[2018-07-14 01:49:34,546][MainThread:139961696958272][task_id:asyncio][selector_events.py:65][DEBUG][Using selector: EpollSelector]
[2018-07-14 01:49:58,809][MainThread:140168011114304][task_id:asyncio][selector_events.py:65][DEBUG][Using selector: EpollSelector]
[2018-07-14 01:50:33,121][MainThread:140307134916416][task_id:asyncio][selector_events.py:65][DEBUG][Using selector: EpollSelector]
[2018-07-14 01:51:35,800][MainThread:140202960684864][task_id:asyncio][selector_events.py:65][DEBUG][Using selector: EpollSelector]
[2018-07-14 01:51:50,824][MainThread:139726679578432][task_id:asyncio][selector_events.py:65][DEBUG][Using selector: EpollSelector]
[2018-07-14 01:52:13,043][MainThread:140051445241664][task_id:asyncio][selector_events.py:65][DEBUG][Using selector: EpollSelector]
[2018-07-14 01:52:39,017][MainThread:140107793798976][task_id:asyncio][selector_events.py:65][DEBUG][Using selector: EpollSelector]
[2018-07-14 01:52:48,783][MainThread:140713031329600][task_id:asyncio][selector_events.py:65][DEBUG][Using selector: EpollSelector]
[2018-07-14 01:59:32,182][MainThread:139857348781888][task_id:asyncio][selector_events.py:65][DEBUG][Using selector: EpollSelector]
[2018-07-14 02:00:05,928][MainThread:139979082643264][task_id:asyncio][selector_events.py:65][DEBUG][Using selector: EpollSelector]
[2018-07-14 02:00:11,205][MainThread:140304543135552][task_id:asyncio][selector_events.py:65][DEBUG][Using selector: EpollSelector]
[2018-07-14 02:00:15,452][MainThread:140013944313664][task_id:asyncio][selector_events.py:65][DEBUG][Using selector: EpollSelector]
[2018-07-14 02:00:17,423][MainThread:139972360636224][task_id:asyncio][selector_events.py:65][DEBUG][Using selector: EpollSelector]
[2018-07-14 02:02:35,083][MainThread:140325366454080][task_id:asyncio][selector_events.py:65][DEBUG][Using selector: EpollSelector]
[2018-07-14 02:03:29,751][MainThread:140587411576640][task_id:asyncio][selector_events.py:65][DEBUG][Using selector: EpollSelector]
[2018-07-14 02:04:33,613][MainThread:140220346033984][task_id:asyncio][selector_events.py:65][DEBUG][Using selector: EpollSelector]
[2018-07-14 02:10:49,191][MainThread:140478797383488][task_id:asyncio][selector_events.py:65][DEBUG][Using selector: EpollSelector]
[2018-07-14 02:11:13,667][MainThread:139726420019008][task_id:asyncio][selector_events.py:65][DEBUG][Using selector: EpollSelector]
[2018-07-14 02:11:59,724][MainThread:140703952467776][task_id:asyncio][selector_events.py:65][DEBUG][Using selector: EpollSelector]
[2018-07-14 02:11:59,725][MainThread:140703952467776][task_id:running][log.py:88][INFO][Crawler-Start]
[2018-07-14 02:12:37,672][MainThread:140070118442816][task_id:asyncio][selector_events.py:65][DEBUG][Using selector: EpollSelector]
[2018-07-14 02:12:37,673][MainThread:140070118442816][task_id:running][log.py:88][INFO][Crawler-Start]
[2018-07-14 02:12:37,673][MainThread:140070118442816][task_id:running][log.py:88][INFO][Crawler-Start]
[2018-07-14 02:12:45,476][MainThread:140474016159552][task_id:asyncio][selector_events.py:65][DEBUG][Using selector: EpollSelector]
[2018-07-14 02:12:45,477][MainThread:140474016159552][task_id:running][log.py:88][INFO][Crawler-Start]
[2018-07-14 02:13:42,313][MainThread:140127268239168][task_id:asyncio][selector_events.py:65][DEBUG][Using selector: EpollSelector]
[2018-07-14 02:13:42,313][MainThread:140127268239168][task_id:running][log.py:88][INFO][Crawler-Start]
[2018-07-14 02:13:43,788][MainThread:140240704223040][task_id:asyncio][selector_events.py:65][DEBUG][Using selector: EpollSelector]
[2018-07-14 02:13:43,789][MainThread:140240704223040][task_id:running][log.py:88][INFO][Crawler-Start]
[2018-07-14 02:13:44,707][MainThread:140370330568512][task_id:asyncio][selector_events.py:65][DEBUG][Using selector: EpollSelector]
[2018-07-14 02:13:44,708][MainThread:140370330568512][task_id:running][log.py:88][INFO][Crawler-Start]
[2018-07-14 02:13:45,507][MainThread:139999276144448][task_id:asyncio][selector_events.py:65][DEBUG][Using selector: EpollSelector]
[2018-07-14 02:13:45,508][MainThread:139999276144448][task_id:running][log.py:88][INFO][Crawler-Start]
[2018-07-14 02:14:48,874][MainThread:139699489150784][task_id:asyncio][selector_events.py:65][DEBUG][Using selector: EpollSelector]
[2018-07-14 02:14:48,875][MainThread:139699489150784][task_id:running][log.py:88][INFO][Crawler-Start]
[2018-07-14 02:14:48,875][MainThread:139699489150784][task_id:running][log.py:88][INFO]['NoneType' object has no attribute 'group']
[2018-07-14 02:14:48,875][MainThread:139699489150784][task_id:running][log.py:88][INFO][Crawler-End]
[2018-07-14 02:14:48,875][MainThread:139699489150784][task_id:running][log.py:88][INFO][Crawler-CountTime:0.000s]
